<?xml version="1.0" encoding="UTF-8"?>
<testng-results ignored="0" total="2" passed="2" failed="0" skipped="0">
  <reporter-output>
  </reporter-output>
  <suite started-at="2023-01-14T12:09:39 GMT+07:00" name="Tech Panda" finished-at="2023-01-14T12:09:46 GMT+07:00" duration-ms="6927">
    <groups>
    </groups>
    <test started-at="2023-01-14T12:09:39 GMT+07:00" name="Run On Chrome" finished-at="2023-01-14T12:09:46 GMT+07:00" duration-ms="6927">
      <class name="org.example.Testcase.LoginToStore2">
        <test-method is-config="true" signature="BeforeClass(java.lang.String)[pri:0, instance:org.example.Testcase.LoginToStore2@57d7f8ca]" started-at="2023-01-14T12:09:39 GMT+07:00" name="BeforeClass" finished-at="2023-01-14T12:09:42 GMT+07:00" duration-ms="2834" status="PASS">
          <params>
            <param index="0">
              <value>
                <![CDATA[chrome]]>
              </value>
            </param>
          </params>
          <reporter-output>
          </reporter-output>
        </test-method> <!-- BeforeClass -->
        <test-method signature="TC_01_getUserNameAndPass()[pri:0, instance:org.example.Testcase.LoginToStore2@57d7f8ca]" started-at="2023-01-14T12:09:42 GMT+07:00" name="TC_01_getUserNameAndPass" finished-at="2023-01-14T12:09:43 GMT+07:00" duration-ms="1295" status="PASS">
          <reporter-output>
          </reporter-output>
        </test-method> <!-- TC_01_getUserNameAndPass -->
        <test-method signature="TC_02_GoToPosOnline()[pri:0, instance:org.example.Testcase.LoginToStore2@57d7f8ca]" started-at="2023-01-14T12:09:43 GMT+07:00" name="TC_02_GoToPosOnline" finished-at="2023-01-14T12:09:45 GMT+07:00" duration-ms="2165" status="PASS">
          <reporter-output>
          </reporter-output>
        </test-method> <!-- TC_02_GoToPosOnline -->
        <test-method is-config="true" signature="afterClass()[pri:0, instance:org.example.Testcase.LoginToStore2@57d7f8ca]" started-at="2023-01-14T12:09:45 GMT+07:00" name="afterClass" finished-at="2023-01-14T12:09:46 GMT+07:00" duration-ms="608" status="PASS">
          <reporter-output>
          </reporter-output>
        </test-method> <!-- afterClass -->
      </class> <!-- org.example.Testcase.LoginToStore2 -->
    </test> <!-- Run On Chrome -->
  </suite> <!-- Tech Panda -->
</testng-results>
