<?xml version="1.0" encoding="UTF-8"?>
<!-- Generated by org.testng.reporters.JUnitXMLReporter -->
<testsuite ignored="0" hostname="Admin-PC" failures="0" tests="3" name="Run On Chrome" time="17.149" errors="0" timestamp="2023-01-14T11:54:04 GMT+07:00">
  <testcase classname="org.example.Testcase.LoginToStore2" name="TC_01_getUserNameAndPass" time="3.013"/>
  <testcase classname="org.example.Testcase.LoginToStore2" name="TC_02_GoToPosOnline" time="2.51"/>
  <testcase classname="org.example.Testcase.LoginToStore2" name="TC_03_TiktokAddSeller" time="7.571"/>
</testsuite> <!-- Run On Chrome -->
